<?xml version="1.0" encoding="UTF-8"?>
<coverage generated="1602853072563" clover="3.2.0">
  <project timestamp="1602853072564" name="All files">
    <metrics statements="44" coveredstatements="34" conditionals="33" coveredconditionals="15" methods="17" coveredmethods="13" elements="94" coveredelements="62" complexity="0" loc="44" ncloc="44" packages="1" files="3" classes="3"/>
    <file name="FSStorage.js" path="/Users/aliasadel/Documents/githubProject/reactWithoutFork/flagship-react-native-sdk/lib/FSStorage.js">
      <metrics statements="33" coveredstatements="23" conditionals="27" coveredconditionals="11" methods="14" coveredmethods="10"/>
      <line num="1" count="1" type="stmt"/>
      <line num="4" count="6" type="cond" truecount="2" falsecount="1"/>
      <line num="5" count="3" type="stmt"/>
      <line num="6" count="3" type="stmt"/>
      <line num="7" count="3" type="stmt"/>
      <line num="9" count="3" type="cond" truecount="1" falsecount="1"/>
      <line num="12" count="0" type="stmt"/>
      <line num="13" count="0" type="stmt"/>
      <line num="16" count="3" type="stmt"/>
      <line num="17" count="3" type="stmt"/>
      <line num="18" count="3" type="stmt"/>
      <line num="20" count="3" type="cond" truecount="1" falsecount="1"/>
      <line num="23" count="0" type="stmt"/>
      <line num="24" count="0" type="stmt"/>
      <line num="26" count="3" type="stmt"/>
      <line num="29" count="3" type="stmt"/>
      <line num="30" count="3" type="stmt"/>
      <line num="31" count="3" type="stmt"/>
      <line num="36" count="3" type="stmt"/>
      <line num="40" count="9" type="cond" truecount="4" falsecount="1"/>
      <line num="42" count="3" type="cond" truecount="3" falsecount="0"/>
      <line num="43" count="3" type="stmt"/>
      <line num="44" count="3" type="stmt"/>
      <line num="45" count="3" type="stmt"/>
      <line num="47" count="3" type="stmt"/>
      <line num="51" count="1" type="cond" truecount="0" falsecount="7"/>
      <line num="53" count="0" type="cond" truecount="0" falsecount="5"/>
      <line num="54" count="0" type="stmt"/>
      <line num="55" count="0" type="stmt"/>
      <line num="56" count="0" type="stmt"/>
      <line num="57" count="0" type="stmt"/>
      <line num="59" count="0" type="stmt"/>
      <line num="62" count="1" type="stmt"/>
    </file>
    <file name="FSTools.js" path="/Users/aliasadel/Documents/githubProject/reactWithoutFork/flagship-react-native-sdk/lib/FSTools.js">
      <metrics statements="6" coveredstatements="6" conditionals="2" coveredconditionals="2" methods="2" coveredmethods="2"/>
      <line num="1" count="1" type="stmt"/>
      <line num="2" count="1" type="stmt"/>
      <line num="5" count="1" type="stmt"/>
      <line num="7" count="1" type="stmt"/>
      <line num="9" count="1" type="stmt"/>
      <line num="14" count="2" type="cond" truecount="2" falsecount="0"/>
    </file>
    <file name="FsLogger.js" path="/Users/aliasadel/Documents/githubProject/reactWithoutFork/flagship-react-native-sdk/lib/FsLogger.js">
      <metrics statements="5" coveredstatements="5" conditionals="4" coveredconditionals="2" methods="1" coveredmethods="1"/>
      <line num="1" count="1" type="stmt"/>
      <line num="3" count="1" type="stmt"/>
      <line num="4" count="6" type="cond" truecount="2" falsecount="2"/>
      <line num="5" count="6" type="stmt"/>
      <line num="9" count="1" type="stmt"/>
    </file>
  </project>
</coverage>
