{"/Users/aliasadel/Documents/githubProject/reactWithoutFork/flagship-react-native-sdk/lib/FSStorage.js": {"path":"/Users/aliasadel/Documents/githubProject/reactWithoutFork/flagship-react-native-sdk/lib/FSStorage.js","statementMap":{"0":{"start":{"line":1,"column":42},"end":{"line":1,"column":97}},"1":{"start":{"line":1,"column":98},"end":{"line":1,"column":160}},"2":{"start":{"line":1,"column":160},"end":{"line":1,"column":273}},"3":{"start":{"line":1,"column":292},"end":{"line":1,"column":353}},"4":{"start":{"line":1,"column":374},"end":{"line":1,"column":446}},"5":{"start":{"line":4,"column":24},"end":{"line":36,"column":88}},"6":{"start":{"line":4,"column":97},"end":{"line":36,"column":87}},"7":{"start":{"line":4,"column":170},"end":{"line":36,"column":57}},"8":{"start":{"line":4,"column":181},"end":{"line":36,"column":56}},"9":{"start":{"line":5,"column":10},"end":{"line":15,"column":13}},"10":{"start":{"line":6,"column":12},"end":{"line":6,"column":70}},"11":{"start":{"line":7,"column":12},"end":{"line":14,"column":15}},"12":{"start":{"line":9,"column":14},"end":{"line":9,"column":62}},"13":{"start":{"line":12,"column":14},"end":{"line":12,"column":51}},"14":{"start":{"line":13,"column":14},"end":{"line":13,"column":28}},"15":{"start":{"line":16,"column":10},"end":{"line":26,"column":13}},"16":{"start":{"line":17,"column":12},"end":{"line":17,"column":66}},"17":{"start":{"line":18,"column":12},"end":{"line":25,"column":15}},"18":{"start":{"line":20,"column":14},"end":{"line":20,"column":62}},"19":{"start":{"line":23,"column":14},"end":{"line":23,"column":51}},"20":{"start":{"line":24,"column":14},"end":{"line":24,"column":28}},"21":{"start":{"line":26,"column":13},"end":{"line":36,"column":14}},"22":{"start":{"line":29,"column":12},"end":{"line":35,"column":15}},"23":{"start":{"line":30,"column":14},"end":{"line":30,"column":34}},"24":{"start":{"line":31,"column":14},"end":{"line":33,"column":40}},"25":{"start":{"line":36,"column":32},"end":{"line":36,"column":55}},"26":{"start":{"line":36,"column":89},"end":{"line":36,"column":135}},"27":{"start":{"line":40,"column":37},"end":{"line":47,"column":156}},"28":{"start":{"line":40,"column":120},"end":{"line":47,"column":155}},"29":{"start":{"line":40,"column":207},"end":{"line":47,"column":121}},"30":{"start":{"line":40,"column":218},"end":{"line":47,"column":120}},"31":{"start":{"line":40,"column":267},"end":{"line":40,"column":286}},"32":{"start":{"line":42,"column":10},"end":{"line":42,"column":63}},"33":{"start":{"line":43,"column":10},"end":{"line":43,"column":54}},"34":{"start":{"line":44,"column":10},"end":{"line":44,"column":75}},"35":{"start":{"line":44,"column":75},"end":{"line":44,"column":94}},"36":{"start":{"line":44,"column":94},"end":{"line":45,"column":80}},"37":{"start":{"line":45,"column":87},"end":{"line":45,"column":107}},"38":{"start":{"line":45,"column":107},"end":{"line":45,"column":113}},"39":{"start":{"line":45,"column":120},"end":{"line":45,"column":139}},"40":{"start":{"line":45,"column":139},"end":{"line":45,"column":176}},"41":{"start":{"line":47,"column":10},"end":{"line":47,"column":76}},"42":{"start":{"line":47,"column":95},"end":{"line":47,"column":119}},"43":{"start":{"line":47,"column":157},"end":{"line":47,"column":229}},"44":{"start":{"line":51,"column":33},"end":{"line":62,"column":157}},"45":{"start":{"line":51,"column":110},"end":{"line":62,"column":156}},"46":{"start":{"line":51,"column":193},"end":{"line":62,"column":121}},"47":{"start":{"line":51,"column":204},"end":{"line":62,"column":120}},"48":{"start":{"line":51,"column":253},"end":{"line":51,"column":272}},"49":{"start":{"line":53,"column":10},"end":{"line":53,"column":55}},"50":{"start":{"line":53,"column":55},"end":{"line":54,"column":62}},"51":{"start":{"line":54,"column":36},"end":{"line":54,"column":55}},"52":{"start":{"line":54,"column":55},"end":{"line":54,"column":61}},"53":{"start":{"line":55,"column":10},"end":{"line":55,"column":52}},"54":{"start":{"line":56,"column":10},"end":{"line":56,"column":65}},"55":{"start":{"line":56,"column":65},"end":{"line":56,"column":84}},"56":{"start":{"line":56,"column":84},"end":{"line":57,"column":76}},"57":{"start":{"line":57,"column":83},"end":{"line":57,"column":103}},"58":{"start":{"line":57,"column":103},"end":{"line":57,"column":109}},"59":{"start":{"line":59,"column":10},"end":{"line":59,"column":59}},"60":{"start":{"line":59,"column":67},"end":{"line":59,"column":87}},"61":{"start":{"line":59,"column":87},"end":{"line":59,"column":93}},"62":{"start":{"line":59,"column":101},"end":{"line":59,"column":121}},"63":{"start":{"line":59,"column":121},"end":{"line":59,"column":158}},"64":{"start":{"line":62,"column":10},"end":{"line":62,"column":76}},"65":{"start":{"line":62,"column":95},"end":{"line":62,"column":119}},"66":{"start":{"line":62,"column":158},"end":{"line":62,"column":222}}},"fnMap":{"0":{"name":"getCacheFromPhone","decl":{"start":{"line":4,"column":33},"end":{"line":4,"column":50}},"loc":{"start":{"line":4,"column":56},"end":{"line":36,"column":88}},"line":4},"1":{"name":"getCacheFromPhone$","decl":{"start":{"line":4,"column":140},"end":{"line":4,"column":158}},"loc":{"start":{"line":4,"column":169},"end":{"line":36,"column":58}},"line":4},"2":{"name":"(anonymous_2)","decl":{"start":{"line":5,"column":45},"end":{"line":5,"column":46}},"loc":{"start":{"line":5,"column":64},"end":{"line":15,"column":11}},"line":5},"3":{"name":"(anonymous_3)","decl":{"start":{"line":8,"column":17},"end":{"line":8,"column":18}},"loc":{"start":{"line":8,"column":33},"end":{"line":10,"column":13}},"line":8},"4":{"name":"(anonymous_4)","decl":{"start":{"line":11,"column":18},"end":{"line":11,"column":19}},"loc":{"start":{"line":11,"column":31},"end":{"line":14,"column":13}},"line":11},"5":{"name":"(anonymous_5)","decl":{"start":{"line":16,"column":38},"end":{"line":16,"column":39}},"loc":{"start":{"line":16,"column":57},"end":{"line":26,"column":11}},"line":16},"6":{"name":"(anonymous_6)","decl":{"start":{"line":19,"column":17},"end":{"line":19,"column":18}},"loc":{"start":{"line":19,"column":33},"end":{"line":21,"column":13}},"line":19},"7":{"name":"(anonymous_7)","decl":{"start":{"line":22,"column":18},"end":{"line":22,"column":19}},"loc":{"start":{"line":22,"column":31},"end":{"line":25,"column":13}},"line":22},"8":{"name":"(anonymous_8)","decl":{"start":{"line":28,"column":22},"end":{"line":28,"column":23}},"loc":{"start":{"line":28,"column":41},"end":{"line":36,"column":11}},"line":28},"9":{"name":"(anonymous_9)","decl":{"start":{"line":29,"column":68},"end":{"line":29,"column":69}},"loc":{"start":{"line":29,"column":86},"end":{"line":35,"column":13}},"line":29},"10":{"name":"setModificationsCacheFromPhone","decl":{"start":{"line":40,"column":46},"end":{"line":40,"column":76}},"loc":{"start":{"line":40,"column":88},"end":{"line":47,"column":156}},"line":40},"11":{"name":"setModificationsCacheFromPhone$","decl":{"start":{"line":40,"column":163},"end":{"line":40,"column":194}},"loc":{"start":{"line":40,"column":206},"end":{"line":47,"column":122}},"line":40},"12":{"name":"setBucketingCacheFromPhone","decl":{"start":{"line":51,"column":42},"end":{"line":51,"column":68}},"loc":{"start":{"line":51,"column":80},"end":{"line":62,"column":157}},"line":51},"13":{"name":"setBucketingCacheFromPhone$","decl":{"start":{"line":51,"column":153},"end":{"line":51,"column":180}},"loc":{"start":{"line":51,"column":192},"end":{"line":62,"column":122}},"line":51}},"branchMap":{"0":{"loc":{"start":{"line":4,"column":181},"end":{"line":36,"column":56}},"type":"switch","locations":[{"start":{"line":4,"column":221},"end":{"line":36,"column":14}},{"start":{"line":36,"column":14},"end":{"line":36,"column":21}},{"start":{"line":36,"column":21},"end":{"line":36,"column":55}}],"line":4},"1":{"loc":{"start":{"line":9,"column":22},"end":{"line":9,"column":60}},"type":"cond-expr","locations":[{"start":{"line":9,"column":37},"end":{"line":9,"column":53}},{"start":{"line":9,"column":56},"end":{"line":9,"column":60}}],"line":9},"2":{"loc":{"start":{"line":20,"column":22},"end":{"line":20,"column":60}},"type":"cond-expr","locations":[{"start":{"line":20,"column":37},"end":{"line":20,"column":53}},{"start":{"line":20,"column":56},"end":{"line":20,"column":60}}],"line":20},"3":{"loc":{"start":{"line":40,"column":218},"end":{"line":47,"column":120}},"type":"switch","locations":[{"start":{"line":40,"column":260},"end":{"line":45,"column":80}},{"start":{"line":45,"column":80},"end":{"line":45,"column":113}},{"start":{"line":45,"column":113},"end":{"line":47,"column":76}},{"start":{"line":47,"column":76},"end":{"line":47,"column":84}},{"start":{"line":47,"column":84},"end":{"line":47,"column":119}}],"line":40},"4":{"loc":{"start":{"line":42,"column":28},"end":{"line":42,"column":62}},"type":"binary-expr","locations":[{"start":{"line":42,"column":28},"end":{"line":42,"column":32}},{"start":{"line":42,"column":36},"end":{"line":42,"column":56}},{"start":{"line":42,"column":60},"end":{"line":42,"column":62}}],"line":42},"5":{"loc":{"start":{"line":51,"column":204},"end":{"line":62,"column":120}},"type":"switch","locations":[{"start":{"line":51,"column":246},"end":{"line":57,"column":76}},{"start":{"line":57,"column":76},"end":{"line":57,"column":109}},{"start":{"line":57,"column":109},"end":{"line":59,"column":59}},{"start":{"line":59,"column":59},"end":{"line":59,"column":93}},{"start":{"line":59,"column":93},"end":{"line":62,"column":76}},{"start":{"line":62,"column":76},"end":{"line":62,"column":84}},{"start":{"line":62,"column":84},"end":{"line":62,"column":119}}],"line":51},"6":{"loc":{"start":{"line":53,"column":26},"end":{"line":53,"column":54}},"type":"binary-expr","locations":[{"start":{"line":53,"column":26},"end":{"line":53,"column":30}},{"start":{"line":53,"column":34},"end":{"line":53,"column":46}},{"start":{"line":53,"column":50},"end":{"line":53,"column":54}}],"line":53},"7":{"loc":{"start":{"line":53,"column":55},"end":{"line":54,"column":62}},"type":"if","locations":[{"start":{"line":53,"column":55},"end":{"line":54,"column":62}},{"start":{"line":53,"column":55},"end":{"line":54,"column":62}}],"line":53}},"s":{"0":1,"1":1,"2":1,"3":1,"4":1,"5":1,"6":3,"7":6,"8":6,"9":3,"10":3,"11":3,"12":3,"13":0,"14":0,"15":3,"16":3,"17":3,"18":3,"19":0,"20":0,"21":3,"22":3,"23":3,"24":3,"25":3,"26":1,"27":1,"28":3,"29":6,"30":9,"31":3,"32":3,"33":3,"34":3,"35":3,"36":3,"37":3,"38":3,"39":0,"40":0,"41":0,"42":3,"43":1,"44":1,"45":0,"46":0,"47":0,"48":0,"49":0,"50":0,"51":0,"52":0,"53":0,"54":0,"55":0,"56":0,"57":0,"58":0,"59":0,"60":0,"61":0,"62":0,"63":0,"64":0,"65":0,"66":1},"f":{"0":3,"1":6,"2":3,"3":3,"4":0,"5":3,"6":3,"7":0,"8":3,"9":3,"10":3,"11":6,"12":0,"13":0},"b":{"0":[3,0,3],"1":[3,0],"2":[0,3],"3":[3,3,0,3,3],"4":[3,2,1],"5":[0,0,0,0,0,0,0],"6":[0,0,0],"7":[0,0]},"inputSourceMap":null,"_coverageSchema":"1a1c01bbd47fc00a2c39e90264f33305004495a9","hash":"2658de08e23647ee2297d0bf4b874198a087b4fe"}
,"/Users/aliasadel/Documents/githubProject/reactWithoutFork/flagship-react-native-sdk/lib/FSTools.js": {"path":"/Users/aliasadel/Documents/githubProject/reactWithoutFork/flagship-react-native-sdk/lib/FSTools.js","statementMap":{"0":{"start":{"line":1,"column":13},"end":{"line":1,"column":75}},"1":{"start":{"line":1,"column":75},"end":{"line":1,"column":123}},"2":{"start":{"line":1,"column":123},"end":{"line":1,"column":191}},"3":{"start":{"line":1,"column":207},"end":{"line":1,"column":209}},"4":{"start":{"line":2,"column":17},"end":{"line":2,"column":31}},"5":{"start":{"line":5,"column":11},"end":{"line":5,"column":49}},"6":{"start":{"line":7,"column":2},"end":{"line":7,"column":57}},"7":{"start":{"line":9,"column":2},"end":{"line":9,"column":23}},"8":{"start":{"line":14,"column":2},"end":{"line":14,"column":63}}},"fnMap":{"0":{"name":"generateFlagshipId","decl":{"start":{"line":4,"column":9},"end":{"line":4,"column":27}},"loc":{"start":{"line":4,"column":30},"end":{"line":10,"column":1}},"line":4},"1":{"name":"checkValidityPatternForEnvId","decl":{"start":{"line":12,"column":9},"end":{"line":12,"column":37}},"loc":{"start":{"line":12,"column":45},"end":{"line":15,"column":1}},"line":12}},"branchMap":{"0":{"loc":{"start":{"line":14,"column":9},"end":{"line":14,"column":62}},"type":"binary-expr","locations":[{"start":{"line":14,"column":9},"end":{"line":14,"column":35}},{"start":{"line":14,"column":39},"end":{"line":14,"column":62}}],"line":14}},"s":{"0":1,"1":1,"2":1,"3":1,"4":1,"5":1,"6":1,"7":1,"8":2},"f":{"0":1,"1":2},"b":{"0":[2,1]},"inputSourceMap":null,"_coverageSchema":"1a1c01bbd47fc00a2c39e90264f33305004495a9","hash":"3ccb0c2287d4a208f14697423b57ee8345d8782d"}
,"/Users/aliasadel/Documents/githubProject/reactWithoutFork/flagship-react-native-sdk/lib/FsLogger.js": {"path":"/Users/aliasadel/Documents/githubProject/reactWithoutFork/flagship-react-native-sdk/lib/FsLogger.js","statementMap":{"0":{"start":{"line":1,"column":42},"end":{"line":1,"column":97}},"1":{"start":{"line":1,"column":98},"end":{"line":1,"column":160}},"2":{"start":{"line":1,"column":160},"end":{"line":1,"column":185}},"3":{"start":{"line":1,"column":202},"end":{"line":1,"column":261}},"4":{"start":{"line":3,"column":15},"end":{"line":6,"column":5}},"5":{"start":{"line":4,"column":48},"end":{"line":4,"column":164}},"6":{"start":{"line":5,"column":4},"end":{"line":5,"column":67}},"7":{"start":{"line":9,"column":0},"end":{"line":9,"column":8}},"8":{"start":{"line":9,"column":9},"end":{"line":9,"column":36}}},"fnMap":{"0":{"name":"getLogger","decl":{"start":{"line":4,"column":22},"end":{"line":4,"column":31}},"loc":{"start":{"line":4,"column":34},"end":{"line":6,"column":3}},"line":4}},"branchMap":{"0":{"loc":{"start":{"line":4,"column":48},"end":{"line":4,"column":164}},"type":"cond-expr","locations":[{"start":{"line":4,"column":101},"end":{"line":4,"column":113}},{"start":{"line":4,"column":116},"end":{"line":4,"column":164}}],"line":4},"1":{"loc":{"start":{"line":4,"column":48},"end":{"line":4,"column":98}},"type":"binary-expr","locations":[{"start":{"line":4,"column":48},"end":{"line":4,"column":68}},{"start":{"line":4,"column":72},"end":{"line":4,"column":98}}],"line":4}},"s":{"0":1,"1":1,"2":1,"3":1,"4":1,"5":6,"6":6,"7":1,"8":1},"f":{"0":6},"b":{"0":[0,6],"1":[6,0]},"inputSourceMap":null,"_coverageSchema":"1a1c01bbd47fc00a2c39e90264f33305004495a9","hash":"e0dbbebaa729fa5d886889e88b620e527094dac8"}
}
