TN:
SF:lib/FSStorage.js
FN:4,getCacheFromPhone
FN:4,getCacheFromPhone$
FN:5,(anonymous_2)
FN:8,(anonymous_3)
FN:11,(anonymous_4)
FN:16,(anonymous_5)
FN:19,(anonymous_6)
FN:22,(anonymous_7)
FN:28,(anonymous_8)
FN:29,(anonymous_9)
FN:40,setModificationsCacheFromPhone
FN:40,setModificationsCacheFromPhone$
FN:51,setBucketingCacheFromPhone
FN:51,setBucketingCacheFromPhone$
FNF:14
FNH:10
FNDA:3,getCacheFromPhone
FNDA:6,getCacheFromPhone$
FNDA:3,(anonymous_2)
FNDA:3,(anonymous_3)
FNDA:0,(anonymous_4)
FNDA:3,(anonymous_5)
FNDA:3,(anonymous_6)
FNDA:0,(anonymous_7)
FNDA:3,(anonymous_8)
FNDA:3,(anonymous_9)
FNDA:3,setModificationsCacheFromPhone
FNDA:6,setModificationsCacheFromPhone$
FNDA:0,setBucketingCacheFromPhone
FNDA:0,setBucketingCacheFromPhone$
DA:1,1
DA:4,6
DA:5,3
DA:6,3
DA:7,3
DA:9,3
DA:12,0
DA:13,0
DA:16,3
DA:17,3
DA:18,3
DA:20,3
DA:23,0
DA:24,0
DA:26,3
DA:29,3
DA:30,3
DA:31,3
DA:36,3
DA:40,9
DA:42,3
DA:43,3
DA:44,3
DA:45,3
DA:47,3
DA:51,1
DA:53,0
DA:54,0
DA:55,0
DA:56,0
DA:57,0
DA:59,0
DA:62,1
LF:33
LH:23
BRDA:4,0,0,3
BRDA:4,0,1,0
BRDA:4,0,2,3
BRDA:9,1,0,3
BRDA:9,1,1,0
BRDA:20,2,0,0
BRDA:20,2,1,3
BRDA:40,3,0,3
BRDA:40,3,1,3
BRDA:40,3,2,0
BRDA:40,3,3,3
BRDA:40,3,4,3
BRDA:42,4,0,3
BRDA:42,4,1,2
BRDA:42,4,2,1
BRDA:51,5,0,0
BRDA:51,5,1,0
BRDA:51,5,2,0
BRDA:51,5,3,0
BRDA:51,5,4,0
BRDA:51,5,5,0
BRDA:51,5,6,0
BRDA:53,6,0,0
BRDA:53,6,1,0
BRDA:53,6,2,0
BRDA:53,7,0,0
BRDA:53,7,1,0
BRF:27
BRH:11
end_of_record
TN:
SF:lib/FSTools.js
FN:4,generateFlagshipId
FN:12,checkValidityPatternForEnvId
FNF:2
FNH:2
FNDA:1,generateFlagshipId
FNDA:2,checkValidityPatternForEnvId
DA:1,1
DA:2,1
DA:5,1
DA:7,1
DA:9,1
DA:14,2
LF:6
LH:6
BRDA:14,0,0,2
BRDA:14,0,1,1
BRF:2
BRH:2
end_of_record
TN:
SF:lib/FsLogger.js
FN:4,getLogger
FNF:1
FNH:1
FNDA:6,getLogger
DA:1,1
DA:3,1
DA:4,6
DA:5,6
DA:9,1
LF:5
LH:5
BRDA:4,0,0,0
BRDA:4,0,1,6
BRDA:4,1,0,6
BRDA:4,1,1,0
BRF:4
BRH:2
end_of_record
